0 info it worked if it ends with ok
1 verbose cli [ '/home/lovelylinus/Desktop/node.js/bin/node',
1 verbose cli   '/home/lovelylinus/Desktop/node.js/bin/npm',
1 verbose cli   'start' ]
2 info using npm@3.5.3
3 info using node@v5.0.0
4 verbose run-script [ 'prestart', 'start', 'poststart' ]
5 info lifecycle git-repo-issue-stats@1.0.0~prestart: git-repo-issue-stats@1.0.0
6 silly lifecycle git-repo-issue-stats@1.0.0~prestart: no script for prestart, continuing
7 info lifecycle git-repo-issue-stats@1.0.0~start: git-repo-issue-stats@1.0.0
8 verbose lifecycle git-repo-issue-stats@1.0.0~start: unsafe-perm in lifecycle true
9 verbose lifecycle git-repo-issue-stats@1.0.0~start: PATH: /home/lovelylinus/Desktop/node.js/lib/node_modules/npm/bin/node-gyp-bin:/home/lovelylinus/Desktop/nodeApplication/git-repo-issue-stats/node_modules/.bin:/usr/local/heroku/bin:/home/lovelylinus/Desktop/node.js/bin:/home/lovelylinus/jdk1.8.0_45/bin:/usr/local/sbin:/usr/local/bin:/usr/sbin:/usr/bin:/sbin:/bin:/usr/games:/usr/local/games:/home/lovelylinus/Desktop/node.js/bin
10 verbose lifecycle git-repo-issue-stats@1.0.0~start: CWD: /home/lovelylinus/Desktop/nodeApplication/git-repo-issue-stats
11 silly lifecycle git-repo-issue-stats@1.0.0~start: Args: [ '-c', 'node server.js' ]
12 silly lifecycle git-repo-issue-stats@1.0.0~start: Returned: code: 1  signal: null
13 info lifecycle git-repo-issue-stats@1.0.0~start: Failed to exec start script
14 verbose stack Error: git-repo-issue-stats@1.0.0 start: `node server.js`
14 verbose stack Exit status 1
14 verbose stack     at EventEmitter.<anonymous> (/home/lovelylinus/Desktop/node.js/lib/node_modules/npm/lib/utils/lifecycle.js:232:16)
14 verbose stack     at emitTwo (events.js:87:13)
14 verbose stack     at EventEmitter.emit (events.js:172:7)
14 verbose stack     at ChildProcess.<anonymous> (/home/lovelylinus/Desktop/node.js/lib/node_modules/npm/lib/utils/spawn.js:24:14)
14 verbose stack     at emitTwo (events.js:87:13)
14 verbose stack     at ChildProcess.emit (events.js:172:7)
14 verbose stack     at maybeClose (internal/child_process.js:818:16)
14 verbose stack     at Process.ChildProcess._handle.onexit (internal/child_process.js:211:5)
15 verbose pkgid git-repo-issue-stats@1.0.0
16 verbose cwd /home/lovelylinus/Desktop/nodeApplication/git-repo-issue-stats
17 error Linux 3.13.0-37-generic
18 error argv "/home/lovelylinus/Desktop/node.js/bin/node" "/home/lovelylinus/Desktop/node.js/bin/npm" "start"
19 error node v5.0.0
20 error npm  v3.5.3
21 error code ELIFECYCLE
22 error git-repo-issue-stats@1.0.0 start: `node server.js`
22 error Exit status 1
23 error Failed at the git-repo-issue-stats@1.0.0 start script 'node server.js'.
23 error Make sure you have the latest version of node.js and npm installed.
23 error If you do, this is most likely a problem with the git-repo-issue-stats package,
23 error not with npm itself.
23 error Tell the author that this fails on your system:
23 error     node server.js
23 error You can get information on how to open an issue for this project with:
23 error     npm bugs git-repo-issue-stats
23 error Or if that isn't available, you can get their info via:
23 error     npm owner ls git-repo-issue-stats
23 error There is likely additional logging output above.
24 verbose exit [ 1, true ]
